<?xml version="1.0" encoding="UTF-8"?>
<!-- Generated by org.testng.reporters.JUnitReportReporter -->
<testsuite hostname="DESKTOP-34NVAOJ" failures="0" tests="1" name="test.BankandCashTest" time="20.570" errors="0" timestamp="2020-11-14T15:14:24 CST" skipped="0">
  <testcase classname="test.BankandCashTest" name="validUserShouldBeAbleToLogin" time="20.570"/>
  <system-out/>
</testsuite> <!-- test.BankandCashTest -->
