<?xml version="1.0" encoding="UTF-8"?>
<!-- Generated by org.testng.reporters.JUnitReportReporter -->
<testsuite hostname="DESKTOP-34NVAOJ" failures="0" tests="1" name="test.LoginTest" time="10.163" errors="0" timestamp="2020-10-20T17:20:02 CDT" skipped="0">
  <testcase classname="test.LoginTest" name="validUserShouldBeAbleToLogin" time="10.163"/>
  <system-out/>
</testsuite> <!-- test.LoginTest -->
